<?xml version="1.0" encoding="UTF-8"?>
<!-- Generated by org.testng.reporters.JUnitReportReporter -->
<testsuite skipped="1" hostname="InnovationM-117" name="com.ht_olympiad.testcases.registerSchool" tests="2" failures="0" timestamp="2021-02-11T14:26:43 IST" time="29.999" errors="0">
  <testcase name="registerasSchool" time="29.999" classname="com.ht_olympiad.testcases.registerSchool"/>
  <system-out/>
  <testcase name="verifyWebsite" classname="com.ht_olympiad.testcases.registerSchool">
    <skipped/>
  </testcase> <!-- verifyWebsite -->
  <system-out/>
</testsuite> <!-- com.ht_olympiad.testcases.registerSchool -->
