<?xml version="1.0" encoding="UTF-8"?>
<!-- Generated by org.testng.reporters.JUnitReportReporter -->
<testsuite skipped="0" hostname="InnovationM-117" name="BaseClass" tests="3" failures="0" timestamp="2021-02-09T17:20:51 IST" time="47.076" errors="0">
  <testcase name="openWebsite" time="9.836" classname="BaseClass"/>
  <system-out/>
  <testcase name="registerSchool" time="15.611" classname="BaseClass"/>
  <system-out/>
  <testcase name="getOTP" time="21.629" classname="BaseClass"/>
  <system-out/>
</testsuite> <!-- BaseClass -->
