<?xml version="1.0" encoding="UTF-8"?>
<!-- Generated by org.testng.reporters.JUnitReportReporter -->
<testsuite skipped="0" hostname="InnovationM-117" name="com.ht_olympiad.testcases.BaseClass" tests="1" failures="0" timestamp="2021-02-11T12:27:37 IST" time="20.687" errors="0">
  <testcase name="registerSchool" time="20.687" classname="com.ht_olympiad.testcases.BaseClass"/>
  <system-out/>
</testsuite> <!-- com.ht_olympiad.testcases.BaseClass -->
