<?xml version="1.0" encoding="UTF-8"?>
<!-- Generated by org.testng.reporters.JUnitReportReporter -->
<testsuite skipped="0" hostname="InnovationM-117" name="com.ht_olympiad.testcases.registerStudent" tests="1" failures="0" timestamp="2021-02-11T14:26:43 IST" time="16.644" errors="0">
  <testcase name="registerAsStudent" time="16.644" classname="com.ht_olympiad.testcases.registerStudent"/>
  <system-out/>
</testsuite> <!-- com.ht_olympiad.testcases.registerStudent -->
