<?xml version="1.0" encoding="UTF-8"?>
<!-- Generated by org.testng.reporters.JUnitReportReporter -->
<testsuite skipped="0" hostname="InnovationM-117" name="com.ht_olympiad.testcases.registerStudent" tests="1" failures="0" timestamp="2021-02-10T12:51:17 IST" time="28.898" errors="0">
  <testcase name="registerAsStudent" time="28.898" classname="com.ht_olympiad.testcases.registerStudent"/>
  <system-out/>
</testsuite> <!-- com.ht_olympiad.testcases.registerStudent -->
